<?xml version="1.0" encoding="UTF-8" ?>
<testsuite tests="5" failures="0" name="com.mycompany.mavenproject4.BowlingALTest" time="0.007" errors="0" skipped="0">
  <properties>
[...]
</properties>
  <testcase classname="com.mycompany.mavenproject4.BowlingALTest" name="com.mycompany.mavenproject4.BowlingALTest.testStrikeTest1" time="0.007"/>
  <testcase classname="com.mycompany.mavenproject4.BowlingALTest" name="com.mycompany.mavenproject4.BowlingALTest.testSimpleTest" time="0"/>
  <testcase classname="com.mycompany.mavenproject4.BowlingALTest" name="com.mycompany.mavenproject4.BowlingALTest.testStrikeSpare" time="0"/>
  <testcase classname="com.mycompany.mavenproject4.BowlingALTest" name="com.mycompany.mavenproject4.BowlingALTest.testStrikeTest2" time="0"/>
  <testcase classname="com.mycompany.mavenproject4.BowlingALTest" name="com.mycompany.mavenproject4.BowlingALTest.testSPARE" time="0"/>
</testsuite>